2026/02/24 14:48:25 Request: GET /
2026/02/24 14:48:25 Request: GET /index.js
2026/02/24 14:48:25 Request: GET /style.css
2026/02/24 14:48:25 Request: GET /data.json
2026/02/24 14:48:38 Request: GET /game.html
2026/02/24 14:48:38 Request: GET /game.js
2026/02/24 14:50:16 Request: GET /game.html
2026/02/24 14:50:16 Request: GET /style.css
2026/02/24 14:50:16 Request: GET /game.js
2026/02/24 14:50:44 Request: GET /game.html
2026/02/24 14:50:44 Request: GET /game.js
2026/02/24 14:51:09 Request: GET /index.html
2026/02/24 14:51:09 Request: GET /style.css
2026/02/24 14:51:12 Request: GET /game.js
2026/02/24 14:53:07 Request: GET /game.html
2026/02/24 14:53:07 Request: GET /style.css
2026/02/24 14:53:07 Request: GET /game.js
2026/02/24 14:53:09 Request: GET /index.html
2026/02/24 14:53:11 Request: GET /game.js
2026/02/24 14:54:47 Request: GET /game.html
2026/02/24 14:54:47 Request: GET /style.css
2026/02/24 14:54:47 Request: GET /game.js
2026/02/24 14:59:09 Request: GET /game.html
2026/02/24 14:59:10 Request: GET /style.css
2026/02/24 14:59:10 Request: GET /game.js
2026/02/24 14:59:10 Request: GET /data.json
2026/02/24 15:02:22 Request: GET /game.html
2026/02/24 15:02:22 Request: GET /style.css
2026/02/24 15:02:22 Request: GET /game.js
2026/02/24 15:04:53 Request: GET /game.html
2026/02/24 15:04:53 Request: GET /style.css
2026/02/24 15:04:53 Request: GET /game.js
2026/02/24 15:06:33 Request: GET /game.html
2026/02/24 15:06:33 Request: GET /game.js
